<!doctype html>
<html><head>
<style>body { background-color: #2d0922; color: #fff; } .-Color-Bold { font-weight: bold; }.-Color-BoldCyan{ color: #06989a; font-weight: bold; }
.-Color-Cyan{ color: #06989a; }
.-Color-BoldGreen{ color: #4e9a06; font-weight: bold; }
.-Color-Green{ color: #4e9a06; }
.-Color-BoldRed{ color: #c00; font-weight: bold; }
.-Color-Red{ color: #c00; }
.-Color-BoldYellow{ color: #c4A000; font-weight: bold; }
.-Color-Yellow{ color: #c4A000; }
</style>
</head><body><div class="highlight"><pre><span class=" -Color -Color-Bold">============================= test session starts ==============================</span>
platform linux -- Python 3.6.3, pytest-4.0.1, py-1.7.1.dev3+gb9da2ed6, pluggy-0.8.0 -- /home/travis/build/asottile/pygments-pytest/.tox/push/bin/python
cachedir: .pytest_cache
rootdir: /tmp/pytest-of-travis/pytest-0/test_different_test_types1, inifile:
<span class=" -Color -Color-Bold">collecting ...</span> collected 7 items

f.py::test_answer <span class=" -Color -Color-Red">FAILED</span>                                                 <span class=" -Color -Color-Cyan">[ 14%]</span>
f.py::test_fail_stack <span class=" -Color -Color-Red">FAILED</span>                                             <span class=" -Color -Color-Cyan">[ 28%]</span>
f.py::test <span class=" -Color -Color-Green">PASSED</span>                                                        <span class=" -Color -Color-Cyan">[ 42%]</span>
f.py::test_skip <span class=" -Color -Color-Yellow">SKIPPED</span>                                                  <span class=" -Color -Color-Cyan">[ 57%]</span>
f.py::test_xfail <span class=" -Color -Color-Yellow">xfail</span>                                                   <span class=" -Color -Color-Cyan">[ 71%]</span>
f.py::test_Xxfail <span class=" -Color -Color-Yellow">XPASS</span>                                                  <span class=" -Color -Color-Cyan">[ 85%]</span>
f.py::test_error <span class=" -Color -Color-Red">ERROR</span>                                                   <span class=" -Color -Color-Cyan">[100%]</span>

==================================== ERRORS ====================================
<span class=" -Color -Color-BoldRed">_________________________ ERROR at setup of test_error _________________________</span>

    <span class=" -Color -Color-Bold">@pytest.fixture</span>
    <span class=" -Color -Color-Bold">def s():</span>
<span class=" -Color -Color-Bold">&gt;       raise Exception(&#39;boom!&#39;)</span>
<span class=" -Color -Color-BoldRed">E       Exception: boom!</span>

<span class=" -Color -Color-BoldRed">f.py</span>:29: Exception
=================================== FAILURES ===================================
<span class=" -Color -Color-BoldRed">_________________________________ test_answer __________________________________</span>

    <span class=" -Color -Color-Bold">def test_answer():</span>
<span class=" -Color -Color-Bold">&gt;       assert inc(3) == 5</span>
<span class=" -Color -Color-BoldRed">E       assert 4 == 5</span>
<span class=" -Color -Color-BoldRed">E        +  where 4 = inc(3)</span>

<span class=" -Color -Color-BoldRed">f.py</span>:7: AssertionError
<span class=" -Color -Color-BoldRed">_______________________________ test_fail_stack ________________________________</span>

    <span class=" -Color -Color-Bold">def test_fail_stack():</span>
<span class=" -Color -Color-Bold">&gt;       fail2()</span>

<span class=" -Color -Color-BoldRed">f.py</span>:13: 
_ _ _ _ _ _ _ _ _ _ _ _ _ _ _ _ _ _ _ _ _ _ _ _ _ _ _ _ _ _ _ _ _ _ _ _ _ _ _ _ 

    <span class=" -Color -Color-Bold">def fail2():</span>
<span class=" -Color -Color-Bold">&gt;       raise RuntimeError(&#39;error!&#39;)</span>
<span class=" -Color -Color-BoldRed">E       RuntimeError: error!</span>

<span class=" -Color -Color-BoldRed">f.py</span>:10: RuntimeError
<span class=" -Color -Color-BoldRed">= 2 failed, 1 passed, 1 skipped, 1 xfailed, 1 xpassed, 1 error in 0.05 seconds =</span></pre>
</div>
</body></html>
