<!doctype html>
<html><head>
<style>body { background-color: #2d0922; color: #fff; } .-Color-Bold { font-weight: bold; }
.-Color-Bold.Cyan{ color: #06989a; font-weight: bold; }
.-Color-Cyan{ color: #06989a; }
.-Color-Bold.Green{ color: #4e9a06; font-weight: bold; }
.-Color-Green{ color: #4e9a06; }
.-Color-Bold.Red{ color: #c00; font-weight: bold; }
.-Color-Red{ color: #c00; }
.-Color-Bold.Yellow{ color: #c4a000; font-weight: bold; }
.-Color-Yellow{ color: #c4a000; }
</style>
</head><body><div class="highlight"><pre><span class=" -Color -Color-Red">F</span><span class=" -Color -Color-Green">.</span><span class=" -Color -Color-Yellow">sxX</span><span class=" -Color -Color-Red">E</span>                                                                   <span class=" -Color -Color-Cyan">[100%]</span>
==================================== ERRORS ====================================
<span class=" -Color -Color-Bold -Color-Bold-Red">_________________________ ERROR at setup of test_error _________________________</span>

    <span class=" -Color -Color-Bold">@pytest.fixture</span>
    <span class=" -Color -Color-Bold">def s():</span>
<span class=" -Color -Color-Bold">&gt;       raise Exception(&#39;boom!&#39;)</span>
<span class=" -Color -Color-Bold -Color-Bold-Red">E       Exception: boom!</span>

<span class=" -Color -Color-Bold -Color-Bold-Red">f.py</span>:29: Exception
=================================== FAILURES ===================================
<span class=" -Color -Color-Bold -Color-Bold-Red">_________________________________ test_answer __________________________________</span>

    <span class=" -Color -Color-Bold">def test_answer():</span>
<span class=" -Color -Color-Bold">&gt;       assert inc(3) == 5</span>
<span class=" -Color -Color-Bold -Color-Bold-Red">E       assert 4 == 5</span>
<span class=" -Color -Color-Bold -Color-Bold-Red">E        +  where 4 = inc(3)</span>

<span class=" -Color -Color-Bold -Color-Bold-Red">f.py</span>:7: AssertionError
<span class=" -Color -Color-Bold -Color-Bold-Red">1 failed, 1 passed, 1 skipped, 1 deselected, 1 xfailed, 1 xpassed, 1 error in 0.03s</span></pre>
</div>
</body></html>
