<!doctype html>
<html><head>
<style>body { background-color: #2d0922; color: #fff; } .-Color-Bold { font-weight: bold; }.-Color-BoldCyan{ color: #06989a; font-weight: bold; }
.-Color-Cyan{ color: #06989a; }
.-Color-BoldGreen{ color: #4e9a06; font-weight: bold; }
.-Color-Green{ color: #4e9a06; }
.-Color-BoldRed{ color: #c00; font-weight: bold; }
.-Color-Red{ color: #c00; }
.-Color-BoldYellow{ color: #c4A000; font-weight: bold; }
.-Color-Yellow{ color: #c4A000; }
</style>
</head><body><div class="highlight"><pre><span class=" -Color -Color-Red">F</span>                                                                        <span class=" -Color -Color-Cyan">[100%]</span>
=================================== FAILURES ===================================
<span class=" -Color -Color-BoldRed">_____________________________________ test _____________________________________</span>

    <span class=" -Color -Color-Bold">def test():</span>
    
<span class=" -Color -Color-Bold">&gt;       assert False</span>
<span class=" -Color -Color-BoldRed">E       assert False</span>

<span class=" -Color -Color-BoldRed">f.py</span>:3: AssertionError
<span class=" -Color -Color-BoldRed">1 failed in 0.02 seconds</span></pre>
</div>
</body></html>
